Traceback (most recent call last):
  File "./main_uti.py", line 35, in <module>
    arr = load_file(fname)
  File "/home/divesh/Desktop/thesis/offline/load_file.py", line 32, in load_file
    cap.apply_on_packets(new_packet)
  File "/home/divesh/Desktop/thesis/venv/lib/python3.6/site-packages/pyshark/capture/capture.py", line 277, in apply_on_packets
    return self.eventloop.run_until_complete(coro)
  File "/usr/lib/python3.6/asyncio/base_events.py", line 471, in run_until_complete
    self.run_forever()
  File "/usr/lib/python3.6/asyncio/base_events.py", line 438, in run_forever
    self._run_once()
  File "/usr/lib/python3.6/asyncio/base_events.py", line 1415, in _run_once
    event_list = self._selector.select(timeout)
  File "/usr/lib/python3.6/selectors.py", line 445, in select
    fd_event_list = self._epoll.poll(timeout, max_ev)
KeyboardInterrupt
Traceback (most recent call last):
  File "/usr/lib/python3.6/functools.py", line 61, in update_wrapper
    value = getattr(wrapped, attr)
AttributeError: 'builtin_function_or_method' object has no attribute '__annotations__'

During handling of the above exception, another exception occurred:

Traceback (most recent call last):
  File "./main_uti.py", line 4, in <module>
    import numpy
  File "/home/divesh/Desktop/thesis/venv/lib/python3.6/site-packages/numpy/__init__.py", line 142, in <module>
    from . import core
  File "/home/divesh/Desktop/thesis/venv/lib/python3.6/site-packages/numpy/core/__init__.py", line 24, in <module>
    from . import multiarray
  File "/home/divesh/Desktop/thesis/venv/lib/python3.6/site-packages/numpy/core/multiarray.py", line 854, in <module>
    def bincount(x, weights=None, minlength=None):
  File "/home/divesh/Desktop/thesis/venv/lib/python3.6/site-packages/numpy/core/overrides.py", line 209, in decorator
    docs_from_dispatcher=docs_from_dispatcher)(implementation)
  File "/home/divesh/Desktop/thesis/venv/lib/python3.6/site-packages/numpy/core/overrides.py", line 188, in decorator
    exec(source_object, scope)
  File "<__array_function__ internals>", line 2, in <module>
  File "/usr/lib/python3.6/functools.py", line 61, in update_wrapper
    value = getattr(wrapped, attr)
KeyboardInterrupt
Traceback (most recent call last):
  File "./main_uti.py", line 4, in <module>
    import numpy
  File "/home/divesh/Desktop/thesis/venv/lib/python3.6/site-packages/numpy/__init__.py", line 145, in <module>
    from . import lib
  File "/home/divesh/Desktop/thesis/venv/lib/python3.6/site-packages/numpy/lib/__init__.py", line 27, in <module>
    from .index_tricks import *
  File "/home/divesh/Desktop/thesis/venv/lib/python3.6/site-packages/numpy/lib/index_tricks.py", line 13, in <module>
    import numpy.matrixlib as matrixlib
  File "/home/divesh/Desktop/thesis/venv/lib/python3.6/site-packages/numpy/matrixlib/__init__.py", line 6, in <module>
    from .defmatrix import *
  File "/home/divesh/Desktop/thesis/venv/lib/python3.6/site-packages/numpy/matrixlib/defmatrix.py", line 13, in <module>
    from numpy.linalg import matrix_power
  File "/home/divesh/Desktop/thesis/venv/lib/python3.6/site-packages/numpy/linalg/__init__.py", line 75, in <module>
    from .linalg import *
  File "/home/divesh/Desktop/thesis/venv/lib/python3.6/site-packages/numpy/linalg/linalg.py", line 23, in <module>
    from numpy.core import (
  File "<frozen importlib._bootstrap>", line 1020, in _handle_fromlist
KeyboardInterrupt
Traceback (most recent call last):
  File "./main_uti.py", line 4, in <module>
    import numpy
  File "/home/divesh/Desktop/thesis/venv/lib/python3.6/site-packages/numpy/__init__.py", line 145, in <module>
    from . import lib
  File "/home/divesh/Desktop/thesis/venv/lib/python3.6/site-packages/numpy/lib/__init__.py", line 27, in <module>
    from .index_tricks import *
  File "/home/divesh/Desktop/thesis/venv/lib/python3.6/site-packages/numpy/lib/index_tricks.py", line 13, in <module>
    import numpy.matrixlib as matrixlib
  File "/home/divesh/Desktop/thesis/venv/lib/python3.6/site-packages/numpy/matrixlib/__init__.py", line 6, in <module>
    from .defmatrix import *
  File "/home/divesh/Desktop/thesis/venv/lib/python3.6/site-packages/numpy/matrixlib/defmatrix.py", line 13, in <module>
    from numpy.linalg import matrix_power
  File "/home/divesh/Desktop/thesis/venv/lib/python3.6/site-packages/numpy/linalg/__init__.py", line 75, in <module>
    from .linalg import *
  File "/home/divesh/Desktop/thesis/venv/lib/python3.6/site-packages/numpy/linalg/linalg.py", line 2128, in <module>
    def lstsq(a, b, rcond="warn"):
  File "/home/divesh/Desktop/thesis/venv/lib/python3.6/site-packages/numpy/core/overrides.py", line 181, in decorator
    source, filename='<__array_function__ internals>', mode='exec')
KeyboardInterrupt
Traceback (most recent call last):
  File "./main_uti.py", line 4, in <module>
    import numpy
  File "/home/divesh/Desktop/thesis/venv/lib/python3.6/site-packages/numpy/__init__.py", line 228, in <module>
    from .testing import Tester
  File "/home/divesh/Desktop/thesis/venv/lib/python3.6/site-packages/numpy/testing/__init__.py", line 10, in <module>
    from unittest import TestCase
  File "/usr/lib/python3.6/unittest/__init__.py", line 59, in <module>
    from .case import (TestCase, FunctionTestCase, SkipTest, skip, skipIf,
  File "/usr/lib/python3.6/unittest/case.py", line 5, in <module>
    import difflib
  File "<frozen importlib._bootstrap>", line 971, in _find_and_load
  File "<frozen importlib._bootstrap>", line 955, in _find_and_load_unlocked
  File "<frozen importlib._bootstrap>", line 665, in _load_unlocked
  File "<frozen importlib._bootstrap_external>", line 674, in exec_module
  File "<frozen importlib._bootstrap_external>", line 764, in get_code
  File "<frozen importlib._bootstrap_external>", line 833, in get_data
KeyboardInterrupt
